atull@atx-linux-37:~/bin/atull-infra/NOTES/PORTAL$ cat rel_14.04.02a_script.sh 
#/bin/bash -ex

# ------------------- linux-socfpga -------------------------
cd /home/atull/repos/internal/linux-socfpga

git push origin rel_socfpga-3.13_14.04.02:refs/tags/rel_socfpga-3.13_14.04.02
git push portal rel_socfpga-3.13_14.04.02:refs/tags/rel_socfpga-3.13_14.04.02
git push portal rel_socfpga-3.13_14.04.02:refs/heads/socfpga-3.13

git push origin rel_socfpga-3.10-ltsi_14.04.02:refs/tags/rel_socfpga-3.10-ltsi_14.04.02
git push portal rel_socfpga-3.10-ltsi_14.04.02:refs/tags/rel_socfpga-3.10-ltsi_14.04.02
git push portal rel_socfpga-3.10-ltsi_14.04.02:refs/heads/socfpga-3.10-ltsi


# ------------------- uboot-socfpga -------------------------
cd /home/atull/repos/internal/uboot-socfpga

git push origin rel_socfpga_v2013.01.01_14.04.02:refs/tags/rel_socfpga_v2013.01.01_14.04.02
git push portal rel_socfpga_v2013.01.01_14.04.02:refs/tags/rel_socfpga_v2013.01.01_14.04.02
git push portal rel_socfpga_v2013.01.01_14.04.02:refs/heads/socfpga_v2013.01.01


atull@atx-linux-37:~/bin/atull-infra/NOTES/PORTAL$ chmod +x rel_14.04.02a_script.sh 
atull@atx-linux-37:~/bin/atull-infra/NOTES/PORTAL$ ./rel_14.04.02a_script.sh 
\033[1;31m###############################################################
###############################################################
This system is for the use of Altera authorized users only.  
Individuals using this computing system without authority, or
in excess of their authority, are subject to having all of   
their activities on this system monitored and recorded by the
system personnel.                                            
In the course of monitoring individuals improperly using this
system, or in the course of system maintenance, the activities
of authorized users may be monitored.  Anyone using this 
system expressly consents to such monitoring and is advised 
that if such monitoring reveals possible evidence of criminal 
activity, system personnel may provide the evidence of such 
monitoring to law enforcement officials.
###############################################################
###############################################################\033[0m
Counting objects: 11, done.
Delta compression using up to 6 threads.
Compressing objects: 100% (5/5), done.
Writing objects: 100% (6/6), 649 bytes, done.
Total 6 (delta 4), reused 2 (delta 0)
remote: testing
remote: /usr/local/git/repositories/linux-socfpga.git
remote: update_safe refs/tags/rel_socfpga-3.13_14.04.02 0000000000000000000000000000000000000000 1664d725e27ad58a1e5334681a19fb756ddf9abb
remote: 
remote:  ***********************************************************************************************
remote:  *** If you have problems with a git push, please send this whole log along with the patches ***
remote:  *** you are trying to push to Alan and Yves (atull@altera.com and yvanderv@altera.com)      ***
remote:  ***                                                                                         ***
remote:  *** Common mistakes: doing 'git-pull', 'git-merge', or pushing to a branch without first    ***
remote:  *** updating (git fetch origin && git rebase)                                               ***
remote:  ***                                                                                         ***
remote:  *** see also:                                                                               ***
remote:  *** linux-socfpga/Documentation/CodingStyle                                                 ***
remote:  *** http://sw-wiki.altera.com/twiki/bin/view/Software/HPSLinuxDevelopmentFlow               ***
remote:  *** http://sw-wiki.altera.com/twiki/bin/view/Software/HPSLinuxGITQuickIntroduction          ***
remote:  ***********************************************************************************************
remote: 
remote: update type    : tags-create
remote: refname       : refs/tags/rel_socfpga-3.13_14.04.02
remote: oldrev        : 0000000000000000000000000000000000000000
remote: newrev        : 1664d725e27ad58a1e5334681a19fb756ddf9abb
remote: 
remote: repo          : linux-socfpga
remote: # of commits  : 0
remote: refs path     : tags
remote: newrev_type   : create
remote: 
remote: create tag    : rel_socfpga-3.13_14.04.02
remote: allowed
To gitolite@at-git:linux-socfpga
 * [new tag]         rel_socfpga-3.13_14.04.02 -> rel_socfpga-3.13_14.04.02
Counting objects: 298, done.
Delta compression using up to 6 threads.
Compressing objects: 100% (79/79), done.
Writing objects: 100% (240/240), 60.76 KiB, done.
Total 240 (delta 192), reused 182 (delta 156)
To gitolite@git.rocketboards.org:linux-socfpga
 * [new tag]         rel_socfpga-3.13_14.04.02 -> rel_socfpga-3.13_14.04.02
Total 0 (delta 0), reused 0 (delta 0)
To gitolite@git.rocketboards.org:linux-socfpga
   4d575d5..1664d72  rel_socfpga-3.13_14.04.02 -> socfpga-3.13
\033[1;31m###############################################################
###############################################################
This system is for the use of Altera authorized users only.  
Individuals using this computing system without authority, or
in excess of their authority, are subject to having all of   
their activities on this system monitored and recorded by the
system personnel.                                            
In the course of monitoring individuals improperly using this
system, or in the course of system maintenance, the activities
of authorized users may be monitored.  Anyone using this 
system expressly consents to such monitoring and is advised 
that if such monitoring reveals possible evidence of criminal 
activity, system personnel may provide the evidence of such 
monitoring to law enforcement officials.
###############################################################
###############################################################\033[0m
Counting objects: 307, done.
Delta compression using up to 6 threads.
Compressing objects: 100% (91/91), done.
Writing objects: 100% (250/250), 63.22 KiB | 9 KiB/s, done.
Total 250 (delta 195), reused 208 (delta 153)
remote: testing
remote: /usr/local/git/repositories/linux-socfpga.git
remote: update_safe refs/tags/rel_socfpga-3.10-ltsi_14.04.02 0000000000000000000000000000000000000000 3c9f82a743c9b67d1ac2737cbc13324feee2c8a2
remote: 
remote:  ***********************************************************************************************
remote:  *** If you have problems with a git push, please send this whole log along with the patches ***
remote:  *** you are trying to push to Alan and Yves (atull@altera.com and yvanderv@altera.com)      ***
remote:  ***                                                                                         ***
remote:  *** Common mistakes: doing 'git-pull', 'git-merge', or pushing to a branch without first    ***
remote:  *** updating (git fetch origin && git rebase)                                               ***
remote:  ***                                                                                         ***
remote:  *** see also:                                                                               ***
remote:  *** linux-socfpga/Documentation/CodingStyle                                                 ***
remote:  *** http://sw-wiki.altera.com/twiki/bin/view/Software/HPSLinuxDevelopmentFlow               ***
remote:  *** http://sw-wiki.altera.com/twiki/bin/view/Software/HPSLinuxGITQuickIntroduction          ***
remote:  ***********************************************************************************************
remote: 
remote: update type    : tags-create
remote: refname       : refs/tags/rel_socfpga-3.10-ltsi_14.04.02
remote: oldrev        : 0000000000000000000000000000000000000000
remote: newrev        : 3c9f82a743c9b67d1ac2737cbc13324feee2c8a2
remote: 
remote: repo          : linux-socfpga
remote: # of commits  : 0
remote: refs path     : tags
remote: newrev_type   : create
remote: 
remote: create tag    : rel_socfpga-3.10-ltsi_14.04.02
remote: allowed
To gitolite@at-git:linux-socfpga
 * [new tag]         rel_socfpga-3.10-ltsi_14.04.02 -> rel_socfpga-3.10-ltsi_14.04.02
Counting objects: 307, done.
Delta compression using up to 6 threads.
Compressing objects: 100% (91/91), done.
Writing objects: 100% (250/250), 63.22 KiB | 9 KiB/s, done.
Total 250 (delta 195), reused 208 (delta 153)
To gitolite@git.rocketboards.org:linux-socfpga
 * [new tag]         rel_socfpga-3.10-ltsi_14.04.02 -> rel_socfpga-3.10-ltsi_14.04.02
Total 0 (delta 0), reused 0 (delta 0)
To gitolite@git.rocketboards.org:linux-socfpga
   371299b..3c9f82a  rel_socfpga-3.10-ltsi_14.04.02 -> socfpga-3.10-ltsi
\033[1;31m###############################################################
###############################################################
This system is for the use of Altera authorized users only.  
Individuals using this computing system without authority, or
in excess of their authority, are subject to having all of   
their activities on this system monitored and recorded by the
system personnel.                                            
In the course of monitoring individuals improperly using this
system, or in the course of system maintenance, the activities
of authorized users may be monitored.  Anyone using this 
system expressly consents to such monitoring and is advised 
that if such monitoring reveals possible evidence of criminal 
activity, system personnel may provide the evidence of such 
monitoring to law enforcement officials.
###############################################################
###############################################################\033[0m
Total 0 (delta 0), reused 0 (delta 0)
remote: testing
remote: /usr/local/git/repositories/uboot-socfpga.git
remote: update_safe refs/tags/rel_socfpga_v2013.01.01_14.04.02 0000000000000000000000000000000000000000 82ff5be80c8d163f072e69a0bface9398331961a
remote: 
remote:  ***********************************************************************************************
remote:  *** If you have problems with a git push, please send this whole log along with the patches ***
remote:  *** you are trying to push to Alan and Yves (atull@altera.com and yvanderv@altera.com)      ***
remote:  ***                                                                                         ***
remote:  *** Common mistakes: doing 'git-pull', 'git-merge', or pushing to a branch without first    ***
remote:  *** updating (git fetch origin && git rebase)                                               ***
remote:  ***                                                                                         ***
remote:  *** see also:                                                                               ***
remote:  *** linux-socfpga/Documentation/CodingStyle                                                 ***
remote:  *** http://sw-wiki.altera.com/twiki/bin/view/Software/HPSLinuxDevelopmentFlow               ***
remote:  *** http://sw-wiki.altera.com/twiki/bin/view/Software/HPSLinuxGITQuickIntroduction          ***
remote:  ***********************************************************************************************
remote: 
remote: update type    : tags-create
remote: refname       : refs/tags/rel_socfpga_v2013.01.01_14.04.02
remote: oldrev        : 0000000000000000000000000000000000000000
remote: newrev        : 82ff5be80c8d163f072e69a0bface9398331961a
remote: 
remote: repo          : uboot-socfpga
remote: # of commits  : 0
remote: refs path     : tags
remote: newrev_type   : create
remote: 
remote: create tag    : rel_socfpga_v2013.01.01_14.04.02
remote: allowed
To gitolite@at-git:uboot-socfpga
 * [new tag]         rel_socfpga_v2013.01.01_14.04.02 -> rel_socfpga_v2013.01.01_14.04.02
Total 0 (delta 0), reused 0 (delta 0)
To gitolite@git.rocketboards.org:u-boot-socfpga
 * [new tag]         rel_socfpga_v2013.01.01_14.04.02 -> rel_socfpga_v2013.01.01_14.04.02
Everything up-to-date
atull@atx-linux-37:~/bin/atull-infra/NOTES/PORTAL$ 
